{"message":"mail error","Date":"2019-08-06T07:28:08.205Z","err":{},"level":"error"}
{"message":"The HTTP server is running on port 3000 - development- Tue Aug 06 2019 12:58:32 GMT+0530 (India Standard Time)","level":"info"}
{"message":"connected to mongodb...:)- Tue Aug 06 2019 12:58:33 GMT+0530 (India Standard Time)","level":"info"}
{"message":"mail error","Date":"2019-08-06T07:28:40.262Z","err":{},"level":"error"}
{"message":"mail error","Date":"2019-08-06T07:29:19.190Z","err":{},"level":"error"}
{"message":"The HTTP server is running on port 3000 - development- Tue Aug 06 2019 13:00:47 GMT+0530 (India Standard Time)","level":"info"}
{"message":"connected to mongodb...:)- Tue Aug 06 2019 13:00:49 GMT+0530 (India Standard Time)","level":"info"}
{"message":"mail error","Date":"2019-08-06T07:30:51.600Z","err":{},"level":"error"}
{"message":"/api/forgotPassword, put, sendForgotPasswordMail, nehra.virender@gmail.com,Tue Aug 06 2019 13:01:28 GMT+0530 (India Standard Time)","level":"info"}
{"message":"forgot password mail options","data":{"userName":"virender nehra","link":"http://localhost:4200/#/resetpassword/?token=eyJhbGciOiJIUzI1NiIsInR5cCI6IkpXVCJ9.eyJhdWQiOiI1ZDM5ODQ3MmY0ODAwYjBkNzY1MjlkZDQiLCJyb2xlIjoicmVhZE9ubHkiLCJpc3MiOiJodHRwOmxvY2FsaG9zdDozMDAwIiwidHlwZSI6ImZvcmdvdCIsImVtYWlsIjoibmVocmEudmlyZW5kZXJAZ21haWwuY29tIiwiaWF0IjoxNTY1MDc2Njg5LCJleHAiOjE2NTE0NzY2ODl9._kEaGlgUrh-FrxY20VGUXNlZvCTvbv07420E_nN-hNw","linkDescription":"Click here to reset your password","to":"nehra.virender@gmail.com","subject":"Reset Password","text1":"We have received the request to reset your password associated with this e-mail address and have created the reset password link.","text2":"If you have not requested for your password reset, you can safely ignore this email. Rest assured your customer account is safe.","text3":"","template":"general-mail.ejs"},"Date":"2019-08-06T07:31:29.090Z","level":"info"}
{"message":"mail error","Date":"2019-08-06T07:31:30.953Z","err":{"errno":-2,"code":"ESTREAM","syscall":"open","path":"/Users/i502306/Documents/invoice/invoice-server/server/invoice.pdf","command":"API"},"level":"error"}
{"message":"The HTTP server is running on port 3000 - development- Tue Aug 06 2019 13:02:47 GMT+0530 (India Standard Time)","level":"info"}
{"message":"connected to mongodb...:)- Tue Aug 06 2019 13:02:49 GMT+0530 (India Standard Time)","level":"info"}
{"message":"/api/forgotPassword, put, sendForgotPasswordMail, nehra.virender@gmail.com,Tue Aug 06 2019 13:03:02 GMT+0530 (India Standard Time)","level":"info"}
{"message":"forgot password mail options","data":{"userName":"virender nehra","link":"http://localhost:4200/#/resetpassword/?token=eyJhbGciOiJIUzI1NiIsInR5cCI6IkpXVCJ9.eyJhdWQiOiI1ZDM5ODQ3MmY0ODAwYjBkNzY1MjlkZDQiLCJyb2xlIjoicmVhZE9ubHkiLCJpc3MiOiJodHRwOmxvY2FsaG9zdDozMDAwIiwidHlwZSI6ImZvcmdvdCIsImVtYWlsIjoibmVocmEudmlyZW5kZXJAZ21haWwuY29tIiwiaWF0IjoxNTY1MDc2NzgyLCJleHAiOjE2NTE0NzY3ODJ9.rXwyeyWLC5yEByp8vDqwfkWLw998znLcWVb1cCgC9pk","linkDescription":"Click here to reset your password","to":"nehra.virender@gmail.com","subject":"Reset Password","text1":"We have received the request to reset your password associated with this e-mail address and have created the reset password link.","text2":"If you have not requested for your password reset, you can safely ignore this email. Rest assured your customer account is safe.","text3":"","template":"general-mail.ejs"},"Date":"2019-08-06T07:33:02.825Z","level":"info"}
{"message":"mail response","data":{"accepted":["nehra.virender@gmail.com"],"rejected":[],"envelopeTime":1021,"messageTime":17408,"messageSize":3266769,"response":"250 2.0.0 OK  1565076802 bg3sm29197366pjb.9 - gsmtp","envelope":{"from":"no.reply.onestopyog@gmail.com","to":["nehra.virender@gmail.com"]},"messageId":"<8063b9e1-5643-38fa-78bf-7cbf382a92d2@gmail.com>"},"Date":"2019-08-06T07:33:22.952Z","level":"info"}
{"message":"The HTTP server is running on port 3000 - development- Tue Aug 06 2019 13:04:04 GMT+0530 (India Standard Time)","level":"info"}
{"message":"connected to mongodb...:)- Tue Aug 06 2019 13:04:06 GMT+0530 (India Standard Time)","level":"info"}
{"message":"mail error","Date":"2019-08-06T07:34:55.666Z","err":{},"level":"error"}
{"message":"The HTTP server is running on port 3000 - development- Tue Aug 06 2019 13:06:28 GMT+0530 (India Standard Time)","level":"info"}
{"message":"The HTTP server is running on port 3000 - development- Tue Aug 06 2019 13:06:32 GMT+0530 (India Standard Time)","level":"info"}
{"message":"connected to mongodb...:)- Tue Aug 06 2019 13:06:34 GMT+0530 (India Standard Time)","level":"info"}
{"message":"mail error","Date":"2019-08-06T07:36:57.579Z","err":{},"level":"error"}
{"message":"The HTTP server is running on port 3000 - development- Tue Aug 06 2019 13:07:18 GMT+0530 (India Standard Time)","level":"info"}
{"message":"connected to mongodb...:)- Tue Aug 06 2019 13:07:19 GMT+0530 (India Standard Time)","level":"info"}
{"message":"mail error","Date":"2019-08-06T07:37:23.996Z","err":{},"level":"error"}
{"message":"The HTTP server is running on port 3000 - development- Tue Aug 06 2019 13:07:42 GMT+0530 (India Standard Time)","level":"info"}
{"message":"connected to mongodb...:)- Tue Aug 06 2019 13:07:43 GMT+0530 (India Standard Time)","level":"info"}
{"message":"mail error","Date":"2019-08-06T07:37:50.270Z","err":{},"level":"error"}
{"message":"The HTTP server is running on port 3000 - development- Tue Aug 06 2019 13:08:07 GMT+0530 (India Standard Time)","level":"info"}
{"message":"connected to mongodb...:)- Tue Aug 06 2019 13:08:09 GMT+0530 (India Standard Time)","level":"info"}
{"message":"mail error","Date":"2019-08-06T07:38:13.773Z","err":{},"level":"error"}
{"message":"The HTTP server is running on port 3000 - development- Tue Aug 06 2019 13:08:35 GMT+0530 (India Standard Time)","level":"info"}
{"message":"connected to mongodb...:)- Tue Aug 06 2019 13:08:36 GMT+0530 (India Standard Time)","level":"info"}
{"message":"mail error","Date":"2019-08-06T07:38:46.823Z","err":{},"level":"error"}
{"message":"The HTTP server is running on port 3000 - development- Tue Aug 06 2019 13:10:01 GMT+0530 (India Standard Time)","level":"info"}
{"message":"connected to mongodb...:)- Tue Aug 06 2019 13:10:02 GMT+0530 (India Standard Time)","level":"info"}
{"message":"The HTTP server is running on port 3000 - development- Tue Aug 06 2019 13:16:05 GMT+0530 (India Standard Time)","level":"info"}
{"message":"connected to mongodb...:)- Tue Aug 06 2019 13:16:07 GMT+0530 (India Standard Time)","level":"info"}
{"message":"mail error","Date":"2019-08-06T07:46:14.238Z","err":{},"level":"error"}
{"message":"/api/forgotPassword, put, sendForgotPasswordMail, nehra.virender@gmail.com,Tue Aug 06 2019 13:16:40 GMT+0530 (India Standard Time)","level":"info"}
{"message":"forgot password mail options","data":{"userName":"virender nehra","link":"http://localhost:4200/#/resetpassword/?token=eyJhbGciOiJIUzI1NiIsInR5cCI6IkpXVCJ9.eyJhdWQiOiI1ZDM5ODQ3MmY0ODAwYjBkNzY1MjlkZDQiLCJyb2xlIjoicmVhZE9ubHkiLCJpc3MiOiJodHRwOmxvY2FsaG9zdDozMDAwIiwidHlwZSI6ImZvcmdvdCIsImVtYWlsIjoibmVocmEudmlyZW5kZXJAZ21haWwuY29tIiwiaWF0IjoxNTY1MDc3NjAwLCJleHAiOjE2NTE0Nzc2MDB9.bYC3fwicKKvv-amNEXVo8nn8c1gqk36EBKkCZ7eDqyc","linkDescription":"Click here to reset your password","to":"nehra.virender@gmail.com","subject":"Reset Password","text1":"We have received the request to reset your password associated with this e-mail address and have created the reset password link.","text2":"If you have not requested for your password reset, you can safely ignore this email. Rest assured your customer account is safe.","text3":"","template":"general-mail.ejs"},"Date":"2019-08-06T07:46:40.622Z","level":"info"}
{"message":"mail error","Date":"2019-08-06T07:47:11.021Z","err":{"code":"ETIMEDOUT","command":"CONN"},"level":"error"}
{"message":"The HTTP server is running on port 3000 - development- Tue Aug 06 2019 13:19:15 GMT+0530 (India Standard Time)","level":"info"}
{"message":"connected to mongodb...:)- Tue Aug 06 2019 13:19:17 GMT+0530 (India Standard Time)","level":"info"}
{"message":"The HTTP server is running on port 3000 - development- Tue Aug 06 2019 13:27:23 GMT+0530 (India Standard Time)","level":"info"}
{"message":"connected to mongodb...:)- Tue Aug 06 2019 13:27:25 GMT+0530 (India Standard Time)","level":"info"}
{"message":"The HTTP server is running on port 3000 - development- Tue Aug 06 2019 13:29:14 GMT+0530 (India Standard Time)","level":"info"}
{"message":"connected to mongodb...:)- Tue Aug 06 2019 13:29:16 GMT+0530 (India Standard Time)","level":"info"}
{"message":"The HTTP server is running on port 3000 - development- Tue Aug 06 2019 13:29:21 GMT+0530 (India Standard Time)","level":"info"}
{"message":"connected to mongodb...:)- Tue Aug 06 2019 13:29:22 GMT+0530 (India Standard Time)","level":"info"}
{"message":"The HTTP server is running on port 3000 - development- Tue Aug 06 2019 13:30:21 GMT+0530 (India Standard Time)","level":"info"}
{"message":"connected to mongodb...:)- Tue Aug 06 2019 13:30:23 GMT+0530 (India Standard Time)","level":"info"}
{"message":"The HTTP server is running on port 3000 - development- Tue Aug 06 2019 13:30:30 GMT+0530 (India Standard Time)","level":"info"}
{"message":"connected to mongodb...:)- Tue Aug 06 2019 13:30:32 GMT+0530 (India Standard Time)","level":"info"}
{"message":"The HTTP server is running on port 3000 - development- Tue Aug 06 2019 13:32:15 GMT+0530 (India Standard Time)","level":"info"}
{"message":"connected to mongodb...:)- Tue Aug 06 2019 13:32:17 GMT+0530 (India Standard Time)","level":"info"}
{"message":"The HTTP server is running on port 3000 - development- Tue Aug 06 2019 13:32:29 GMT+0530 (India Standard Time)","level":"info"}
{"message":"connected to mongodb...:)- Tue Aug 06 2019 13:32:31 GMT+0530 (India Standard Time)","level":"info"}
{"message":"The HTTP server is running on port 3000 - development- Tue Aug 06 2019 13:32:51 GMT+0530 (India Standard Time)","level":"info"}
{"message":"connected to mongodb...:)- Tue Aug 06 2019 13:32:53 GMT+0530 (India Standard Time)","level":"info"}
{"message":"The HTTP server is running on port 3000 - development- Tue Aug 06 2019 13:33:21 GMT+0530 (India Standard Time)","level":"info"}
{"message":"connected to mongodb...:)- Tue Aug 06 2019 13:33:23 GMT+0530 (India Standard Time)","level":"info"}
{"message":"The HTTP server is running on port 3000 - development- Tue Aug 06 2019 13:34:00 GMT+0530 (India Standard Time)","level":"info"}
{"message":"connected to mongodb...:)- Tue Aug 06 2019 13:34:02 GMT+0530 (India Standard Time)","level":"info"}
{"message":"The HTTP server is running on port 3000 - development- Tue Aug 06 2019 13:35:08 GMT+0530 (India Standard Time)","level":"info"}
{"message":"connected to mongodb...:)- Tue Aug 06 2019 13:35:10 GMT+0530 (India Standard Time)","level":"info"}
{"message":"The HTTP server is running on port 3000 - development- Tue Aug 06 2019 13:39:23 GMT+0530 (India Standard Time)","level":"info"}
{"message":"connected to mongodb...:)- Tue Aug 06 2019 13:39:25 GMT+0530 (India Standard Time)","level":"info"}
{"message":"The HTTP server is running on port 3000 - development- Tue Aug 06 2019 13:42:13 GMT+0530 (India Standard Time)","level":"info"}
{"message":"connected to mongodb...:)- Tue Aug 06 2019 13:42:16 GMT+0530 (India Standard Time)","level":"info"}
{"message":"The HTTP server is running on port 3000 - development- Tue Aug 06 2019 13:42:54 GMT+0530 (India Standard Time)","level":"info"}
{"message":"connected to mongodb...:)- Tue Aug 06 2019 13:42:56 GMT+0530 (India Standard Time)","level":"info"}
{"message":"The HTTP server is running on port 3000 - development- Tue Aug 06 2019 13:42:59 GMT+0530 (India Standard Time)","level":"info"}
{"message":"connected to mongodb...:)- Tue Aug 06 2019 13:43:00 GMT+0530 (India Standard Time)","level":"info"}
{"message":"The HTTP server is running on port 3000 - development- Tue Aug 06 2019 13:43:10 GMT+0530 (India Standard Time)","level":"info"}
{"message":"connected to mongodb...:)- Tue Aug 06 2019 13:43:11 GMT+0530 (India Standard Time)","level":"info"}
{"message":"The HTTP server is running on port 3000 - development- Tue Aug 06 2019 13:43:39 GMT+0530 (India Standard Time)","level":"info"}
{"message":"connected to mongodb...:)- Tue Aug 06 2019 13:43:42 GMT+0530 (India Standard Time)","level":"info"}
{"message":"The HTTP server is running on port 3000 - development- Tue Aug 06 2019 13:43:51 GMT+0530 (India Standard Time)","level":"info"}
{"message":"connected to mongodb...:)- Tue Aug 06 2019 13:43:53 GMT+0530 (India Standard Time)","level":"info"}
{"message":"The HTTP server is running on port 3000 - development- Tue Aug 06 2019 13:44:08 GMT+0530 (India Standard Time)","level":"info"}
{"message":"connected to mongodb...:)- Tue Aug 06 2019 13:44:09 GMT+0530 (India Standard Time)","level":"info"}
{"message":"The HTTP server is running on port 3000 - development- Tue Aug 06 2019 13:44:22 GMT+0530 (India Standard Time)","level":"info"}
{"message":"connected to mongodb...:)- Tue Aug 06 2019 13:44:24 GMT+0530 (India Standard Time)","level":"info"}
{"message":"The HTTP server is running on port 3000 - development- Tue Aug 06 2019 13:44:28 GMT+0530 (India Standard Time)","level":"info"}
{"message":"connected to mongodb...:)- Tue Aug 06 2019 13:44:29 GMT+0530 (India Standard Time)","level":"info"}
{"message":"The HTTP server is running on port 3000 - development- Tue Aug 06 2019 13:44:33 GMT+0530 (India Standard Time)","level":"info"}
{"message":"connected to mongodb...:)- Tue Aug 06 2019 13:44:34 GMT+0530 (India Standard Time)","level":"info"}
{"message":"The HTTP server is running on port 3000 - development- Tue Aug 06 2019 13:45:11 GMT+0530 (India Standard Time)","level":"info"}
{"message":"connected to mongodb...:)- Tue Aug 06 2019 13:45:13 GMT+0530 (India Standard Time)","level":"info"}
{"message":"The HTTP server is running on port 3000 - development- Tue Aug 06 2019 13:45:27 GMT+0530 (India Standard Time)","level":"info"}
{"message":"connected to mongodb...:)- Tue Aug 06 2019 13:45:29 GMT+0530 (India Standard Time)","level":"info"}
{"message":"The HTTP server is running on port 3000 - development- Tue Aug 06 2019 13:45:53 GMT+0530 (India Standard Time)","level":"info"}
{"message":"connected to mongodb...:)- Tue Aug 06 2019 13:45:55 GMT+0530 (India Standard Time)","level":"info"}
{"message":"The HTTP server is running on port 3000 - development- Tue Aug 06 2019 13:46:25 GMT+0530 (India Standard Time)","level":"info"}
{"message":"connected to mongodb...:)- Tue Aug 06 2019 13:46:27 GMT+0530 (India Standard Time)","level":"info"}
{"message":"The HTTP server is running on port 3000 - development- Tue Aug 06 2019 13:49:25 GMT+0530 (India Standard Time)","level":"info"}
{"message":"connected to mongodb...:)- Tue Aug 06 2019 13:49:28 GMT+0530 (India Standard Time)","level":"info"}
{"message":"The HTTP server is running on port 3000 - development- Tue Aug 06 2019 14:08:44 GMT+0530 (India Standard Time)","level":"info"}
{"message":"connected to mongodb...:)- Tue Aug 06 2019 14:08:46 GMT+0530 (India Standard Time)","level":"info"}
{"message":"The HTTP server is running on port 3000 - development- Tue Aug 06 2019 14:09:58 GMT+0530 (India Standard Time)","level":"info"}
{"message":"connected to mongodb...:)- Tue Aug 06 2019 14:10:00 GMT+0530 (India Standard Time)","level":"info"}
{"message":"The HTTP server is running on port 3000 - development- Tue Aug 06 2019 14:10:08 GMT+0530 (India Standard Time)","level":"info"}
{"message":"connected to mongodb...:)- Tue Aug 06 2019 14:10:10 GMT+0530 (India Standard Time)","level":"info"}
{"message":"The HTTP server is running on port 3000 - development- Tue Aug 06 2019 14:11:44 GMT+0530 (India Standard Time)","level":"info"}
{"message":"connected to mongodb...:)- Tue Aug 06 2019 14:11:46 GMT+0530 (India Standard Time)","level":"info"}
{"message":"The HTTP server is running on port 3000 - development- Tue Aug 06 2019 14:12:56 GMT+0530 (India Standard Time)","level":"info"}
{"message":"connected to mongodb...:)- Tue Aug 06 2019 14:12:58 GMT+0530 (India Standard Time)","level":"info"}
{"message":"The HTTP server is running on port 3000 - development- Tue Aug 06 2019 14:13:10 GMT+0530 (India Standard Time)","level":"info"}
{"message":"connected to mongodb...:)- Tue Aug 06 2019 14:13:12 GMT+0530 (India Standard Time)","level":"info"}
{"message":"The HTTP server is running on port 3000 - development- Tue Aug 06 2019 14:13:18 GMT+0530 (India Standard Time)","level":"info"}
{"message":"connected to mongodb...:)- Tue Aug 06 2019 14:13:20 GMT+0530 (India Standard Time)","level":"info"}
{"message":"The HTTP server is running on port 3000 - development- Tue Aug 06 2019 14:17:13 GMT+0530 (India Standard Time)","level":"info"}
{"message":"connected to mongodb...:)- Tue Aug 06 2019 14:17:16 GMT+0530 (India Standard Time)","level":"info"}
{"message":"The HTTP server is running on port 3000 - development- Tue Aug 06 2019 14:22:05 GMT+0530 (India Standard Time)","level":"info"}
{"message":"connected to mongodb...:)- Tue Aug 06 2019 14:22:07 GMT+0530 (India Standard Time)","level":"info"}
{"message":"The HTTP server is running on port 3000 - development- Tue Aug 06 2019 14:22:43 GMT+0530 (India Standard Time)","level":"info"}
{"message":"connected to mongodb...:)- Tue Aug 06 2019 14:22:44 GMT+0530 (India Standard Time)","level":"info"}
{"message":"The HTTP server is running on port 3000 - development- Tue Aug 06 2019 14:23:54 GMT+0530 (India Standard Time)","level":"info"}
{"message":"connected to mongodb...:)- Tue Aug 06 2019 14:23:57 GMT+0530 (India Standard Time)","level":"info"}
{"message":"The HTTP server is running on port 3000 - development- Tue Aug 06 2019 14:25:24 GMT+0530 (India Standard Time)","level":"info"}
{"message":"connected to mongodb...:)- Tue Aug 06 2019 14:25:26 GMT+0530 (India Standard Time)","level":"info"}
{"message":"The HTTP server is running on port 3000 - development- Tue Aug 06 2019 14:29:56 GMT+0530 (India Standard Time)","level":"info"}
{"message":"connected to mongodb...:)- Tue Aug 06 2019 14:29:58 GMT+0530 (India Standard Time)","level":"info"}
{"message":"The HTTP server is running on port 3000 - development- Tue Aug 06 2019 14:30:58 GMT+0530 (India Standard Time)","level":"info"}
{"message":"connected to mongodb...:)- Tue Aug 06 2019 14:31:00 GMT+0530 (India Standard Time)","level":"info"}
{"message":"The HTTP server is running on port 3000 - development- Tue Aug 06 2019 14:31:03 GMT+0530 (India Standard Time)","level":"info"}
{"message":"connected to mongodb...:)- Tue Aug 06 2019 14:31:05 GMT+0530 (India Standard Time)","level":"info"}
{"message":"The HTTP server is running on port 3000 - development- Tue Aug 06 2019 14:32:46 GMT+0530 (India Standard Time)","level":"info"}
{"message":"connected to mongodb...:)- Tue Aug 06 2019 14:32:48 GMT+0530 (India Standard Time)","level":"info"}
{"message":"The HTTP server is running on port 3000 - development- Tue Aug 06 2019 14:33:11 GMT+0530 (India Standard Time)","level":"info"}
{"message":"connected to mongodb...:)- Tue Aug 06 2019 14:33:13 GMT+0530 (India Standard Time)","level":"info"}
{"message":"The HTTP server is running on port 3000 - development- Tue Aug 06 2019 14:33:48 GMT+0530 (India Standard Time)","level":"info"}
{"message":"connected to mongodb...:)- Tue Aug 06 2019 14:33:50 GMT+0530 (India Standard Time)","level":"info"}
{"message":"The HTTP server is running on port 3000 - development- Tue Aug 06 2019 14:34:27 GMT+0530 (India Standard Time)","level":"info"}
{"message":"connected to mongodb...:)- Tue Aug 06 2019 14:34:29 GMT+0530 (India Standard Time)","level":"info"}
{"message":"The HTTP server is running on port 3000 - development- Tue Aug 06 2019 14:35:15 GMT+0530 (India Standard Time)","level":"info"}
{"message":"connected to mongodb...:)- Tue Aug 06 2019 14:35:17 GMT+0530 (India Standard Time)","level":"info"}
{"message":"The HTTP server is running on port 3000 - development- Tue Aug 06 2019 14:36:14 GMT+0530 (India Standard Time)","level":"info"}
{"message":"connected to mongodb...:)- Tue Aug 06 2019 14:36:16 GMT+0530 (India Standard Time)","level":"info"}
{"message":"The HTTP server is running on port 3000 - development- Tue Aug 06 2019 14:41:38 GMT+0530 (India Standard Time)","level":"info"}
{"message":"connected to mongodb...:)- Tue Aug 06 2019 14:41:40 GMT+0530 (India Standard Time)","level":"info"}
{"message":"The HTTP server is running on port 3000 - development- Tue Aug 06 2019 14:43:54 GMT+0530 (India Standard Time)","level":"info"}
{"message":"The HTTP server is running on port 3000 - development- Tue Aug 06 2019 14:43:57 GMT+0530 (India Standard Time)","level":"info"}
{"message":"connected to mongodb...:)- Tue Aug 06 2019 14:43:59 GMT+0530 (India Standard Time)","level":"info"}
{"message":"mail error","Date":"2019-08-06T09:33:22.358Z","err":{"path":""},"level":"error"}
{"message":"The HTTP server is running on port 3000 - development- Tue Aug 06 2019 15:04:09 GMT+0530 (India Standard Time)","level":"info"}
{"message":"connected to mongodb...:)- Tue Aug 06 2019 15:04:11 GMT+0530 (India Standard Time)","level":"info"}
{"message":"mail error","Date":"2019-08-06T09:36:19.245Z","err":{"path":""},"level":"error"}
{"message":"mail error","Date":"2019-08-06T09:38:24.511Z","err":{"path":""},"level":"error"}
{"message":"The HTTP server is running on port 3000 - development- Tue Aug 06 2019 15:09:56 GMT+0530 (India Standard Time)","level":"info"}
{"message":"connected to mongodb...:)- Tue Aug 06 2019 15:09:58 GMT+0530 (India Standard Time)","level":"info"}
{"message":"mail error","Date":"2019-08-06T09:40:12.427Z","err":{"path":""},"level":"error"}
{"message":"The HTTP server is running on port 3000 - development- Tue Aug 06 2019 15:12:37 GMT+0530 (India Standard Time)","level":"info"}
{"message":"connected to mongodb...:)- Tue Aug 06 2019 15:12:39 GMT+0530 (India Standard Time)","level":"info"}
{"message":"mail error","Date":"2019-08-06T09:42:43.392Z","err":{"path":""},"level":"error"}
{"message":"The HTTP server is running on port 3000 - development- Tue Aug 06 2019 15:17:43 GMT+0530 (India Standard Time)","level":"info"}
{"message":"connected to mongodb...:)- Tue Aug 06 2019 15:17:45 GMT+0530 (India Standard Time)","level":"info"}
{"message":"The HTTP server is running on port 3000 - development- Tue Aug 06 2019 15:18:26 GMT+0530 (India Standard Time)","level":"info"}
{"message":"connected to mongodb...:)- Tue Aug 06 2019 15:18:27 GMT+0530 (India Standard Time)","level":"info"}
{"message":"The HTTP server is running on port 3000 - development- Tue Aug 06 2019 15:20:06 GMT+0530 (India Standard Time)","level":"info"}
{"message":"connected to mongodb...:)- Tue Aug 06 2019 15:20:08 GMT+0530 (India Standard Time)","level":"info"}
{"message":"The HTTP server is running on port 3000 - development- Tue Aug 06 2019 15:20:50 GMT+0530 (India Standard Time)","level":"info"}
{"message":"connected to mongodb...:)- Tue Aug 06 2019 15:20:51 GMT+0530 (India Standard Time)","level":"info"}
{"message":"The HTTP server is running on port 3000 - development- Tue Aug 06 2019 15:23:20 GMT+0530 (India Standard Time)","level":"info"}
{"message":"connected to mongodb...:)- Tue Aug 06 2019 15:23:22 GMT+0530 (India Standard Time)","level":"info"}
{"message":"The HTTP server is running on port 3000 - development- Tue Aug 06 2019 15:23:56 GMT+0530 (India Standard Time)","level":"info"}
{"message":"connected to mongodb...:)- Tue Aug 06 2019 15:23:57 GMT+0530 (India Standard Time)","level":"info"}
{"message":"The HTTP server is running on port 3000 - development- Tue Aug 06 2019 15:24:05 GMT+0530 (India Standard Time)","level":"info"}
{"message":"connected to mongodb...:)- Tue Aug 06 2019 15:24:06 GMT+0530 (India Standard Time)","level":"info"}
{"message":"mail error","Date":"2019-08-06T09:54:11.721Z","err":{"path":""},"level":"error"}
{"message":"The HTTP server is running on port 3000 - development- Tue Aug 06 2019 15:24:30 GMT+0530 (India Standard Time)","level":"info"}
{"message":"connected to mongodb...:)- Tue Aug 06 2019 15:24:31 GMT+0530 (India Standard Time)","level":"info"}
{"message":"The HTTP server is running on port 3000 - development- Tue Aug 06 2019 15:27:49 GMT+0530 (India Standard Time)","level":"info"}
{"message":"connected to mongodb...:)- Tue Aug 06 2019 15:27:51 GMT+0530 (India Standard Time)","level":"info"}
{"message":"The HTTP server is running on port 3000 - development- Tue Aug 06 2019 15:28:02 GMT+0530 (India Standard Time)","level":"info"}
{"message":"connected to mongodb...:)- Tue Aug 06 2019 15:28:04 GMT+0530 (India Standard Time)","level":"info"}
{"message":"mail error","Date":"2019-08-06T09:58:10.611Z","err":{"path":""},"level":"error"}
{"message":"The HTTP server is running on port 3000 - development- Tue Aug 06 2019 15:28:26 GMT+0530 (India Standard Time)","level":"info"}
{"message":"connected to mongodb...:)- Tue Aug 06 2019 15:28:27 GMT+0530 (India Standard Time)","level":"info"}
{"message":"The HTTP server is running on port 3000 - development- Tue Aug 06 2019 15:29:35 GMT+0530 (India Standard Time)","level":"info"}
{"message":"connected to mongodb...:)- Tue Aug 06 2019 15:29:37 GMT+0530 (India Standard Time)","level":"info"}
{"message":"The HTTP server is running on port 3000 - development- Tue Aug 06 2019 15:29:56 GMT+0530 (India Standard Time)","level":"info"}
{"message":"connected to mongodb...:)- Tue Aug 06 2019 15:29:58 GMT+0530 (India Standard Time)","level":"info"}
{"message":"The HTTP server is running on port 3000 - development- Tue Aug 06 2019 15:30:03 GMT+0530 (India Standard Time)","level":"info"}
{"message":"connected to mongodb...:)- Tue Aug 06 2019 15:30:05 GMT+0530 (India Standard Time)","level":"info"}
{"message":"The HTTP server is running on port 3000 - development- Tue Aug 06 2019 15:30:20 GMT+0530 (India Standard Time)","level":"info"}
{"message":"mail error","Date":"2019-08-06T10:00:22.086Z","err":{"path":""},"level":"error"}
{"message":"connected to mongodb...:)- Tue Aug 06 2019 15:30:22 GMT+0530 (India Standard Time)","level":"info"}
{"message":"The HTTP server is running on port 3000 - development- Tue Aug 06 2019 15:31:06 GMT+0530 (India Standard Time)","level":"info"}
{"message":"connected to mongodb...:)- Tue Aug 06 2019 15:31:08 GMT+0530 (India Standard Time)","level":"info"}
{"message":"The HTTP server is running on port 3000 - development- Tue Aug 06 2019 15:31:15 GMT+0530 (India Standard Time)","level":"info"}
{"message":"connected to mongodb...:)- Tue Aug 06 2019 15:31:17 GMT+0530 (India Standard Time)","level":"info"}
{"message":"The HTTP server is running on port 3000 - development- Tue Aug 06 2019 15:32:05 GMT+0530 (India Standard Time)","level":"info"}
{"message":"connected to mongodb...:)- Tue Aug 06 2019 15:32:07 GMT+0530 (India Standard Time)","level":"info"}
{"message":"The HTTP server is running on port 3000 - development- Tue Aug 06 2019 15:32:29 GMT+0530 (India Standard Time)","level":"info"}
{"message":"connected to mongodb...:)- Tue Aug 06 2019 15:32:31 GMT+0530 (India Standard Time)","level":"info"}
{"message":"The HTTP server is running on port 3000 - development- Tue Aug 06 2019 15:32:35 GMT+0530 (India Standard Time)","level":"info"}
{"message":"connected to mongodb...:)- Tue Aug 06 2019 15:32:37 GMT+0530 (India Standard Time)","level":"info"}
{"message":"The HTTP server is running on port 3000 - development- Tue Aug 06 2019 15:33:08 GMT+0530 (India Standard Time)","level":"info"}
{"message":"connected to mongodb...:)- Tue Aug 06 2019 15:33:09 GMT+0530 (India Standard Time)","level":"info"}
{"message":"The HTTP server is running on port 3000 - development- Tue Aug 06 2019 15:34:51 GMT+0530 (India Standard Time)","level":"info"}
{"message":"connected to mongodb...:)- Tue Aug 06 2019 15:34:53 GMT+0530 (India Standard Time)","level":"info"}
{"message":"The HTTP server is running on port 3000 - development- Tue Aug 06 2019 15:35:19 GMT+0530 (India Standard Time)","level":"info"}
{"message":"connected to mongodb...:)- Tue Aug 06 2019 15:35:21 GMT+0530 (India Standard Time)","level":"info"}
{"message":"mail error","Date":"2019-08-06T10:05:23.161Z","err":{"path":""},"level":"error"}
{"message":"The HTTP server is running on port 3000 - development- Tue Aug 06 2019 15:36:02 GMT+0530 (India Standard Time)","level":"info"}
{"message":"connected to mongodb...:)- Tue Aug 06 2019 15:36:04 GMT+0530 (India Standard Time)","level":"info"}
{"message":"The HTTP server is running on port 3000 - development- Tue Aug 06 2019 15:36:40 GMT+0530 (India Standard Time)","level":"info"}
{"message":"connected to mongodb...:)- Tue Aug 06 2019 15:36:42 GMT+0530 (India Standard Time)","level":"info"}
{"message":"mail error","Date":"2019-08-06T10:06:44.185Z","err":{"path":""},"level":"error"}
{"message":"The HTTP server is running on port 3000 - development- Tue Aug 06 2019 15:36:56 GMT+0530 (India Standard Time)","level":"info"}
{"message":"mail error","Date":"2019-08-06T10:06:56.405Z","err":{"path":""},"level":"error"}
{"message":"connected to mongodb...:)- Tue Aug 06 2019 15:36:57 GMT+0530 (India Standard Time)","level":"info"}
{"message":"The HTTP server is running on port 3000 - development- Tue Aug 06 2019 15:39:00 GMT+0530 (India Standard Time)","level":"info"}
{"message":"connected to mongodb...:)- Tue Aug 06 2019 15:39:02 GMT+0530 (India Standard Time)","level":"info"}
{"message":"The HTTP server is running on port 3000 - development- Tue Aug 06 2019 15:39:22 GMT+0530 (India Standard Time)","level":"info"}
{"message":"connected to mongodb...:)- Tue Aug 06 2019 15:39:24 GMT+0530 (India Standard Time)","level":"info"}
{"message":"The HTTP server is running on port 3000 - development- Tue Aug 06 2019 15:40:28 GMT+0530 (India Standard Time)","level":"info"}
{"message":"connected to mongodb...:)- Tue Aug 06 2019 15:40:30 GMT+0530 (India Standard Time)","level":"info"}
{"message":"The HTTP server is running on port 3000 - development- Tue Aug 06 2019 15:40:36 GMT+0530 (India Standard Time)","level":"info"}
{"message":"connected to mongodb...:)- Tue Aug 06 2019 15:40:37 GMT+0530 (India Standard Time)","level":"info"}
{"message":"mail error","Date":"2019-08-06T10:10:40.105Z","err":{"path":""},"level":"error"}
{"message":"The HTTP server is running on port 3000 - development- Tue Aug 06 2019 15:40:55 GMT+0530 (India Standard Time)","level":"info"}
{"message":"connected to mongodb...:)- Tue Aug 06 2019 15:40:57 GMT+0530 (India Standard Time)","level":"info"}
{"message":"mail error","Date":"2019-08-06T10:10:59.841Z","err":{"path":""},"level":"error"}
{"message":"The HTTP server is running on port 3000 - development- Tue Aug 06 2019 15:41:06 GMT+0530 (India Standard Time)","level":"info"}
{"message":"connected to mongodb...:)- Tue Aug 06 2019 15:41:08 GMT+0530 (India Standard Time)","level":"info"}
{"message":"The HTTP server is running on port 3000 - development- Tue Aug 06 2019 15:41:50 GMT+0530 (India Standard Time)","level":"info"}
{"message":"connected to mongodb...:)- Tue Aug 06 2019 15:41:52 GMT+0530 (India Standard Time)","level":"info"}
{"message":"The HTTP server is running on port 3000 - development- Tue Aug 06 2019 15:44:36 GMT+0530 (India Standard Time)","level":"info"}
{"message":"connected to mongodb...:)- Tue Aug 06 2019 15:44:38 GMT+0530 (India Standard Time)","level":"info"}
{"message":"The HTTP server is running on port 3000 - development- Thu Aug 08 2019 09:13:39 GMT+0530 (India Standard Time)","level":"info"}
{"message":"connected to mongodb...:)- Thu Aug 08 2019 09:13:41 GMT+0530 (India Standard Time)","level":"info"}
{"message":"The HTTP server is running on port 3000 - development- Thu Aug 08 2019 10:11:40 GMT+0530 (India Standard Time)","level":"info"}
{"message":"connected to mongodb...:)- Thu Aug 08 2019 10:11:42 GMT+0530 (India Standard Time)","level":"info"}
{"message":"The HTTP server is running on port 3000 - development- Thu Aug 08 2019 10:21:33 GMT+0530 (India Standard Time)","level":"info"}
{"message":"connected to mongodb...:)- Thu Aug 08 2019 10:21:35 GMT+0530 (India Standard Time)","level":"info"}
{"message":"The HTTP server is running on port 3000 - development- Thu Aug 08 2019 10:25:29 GMT+0530 (India Standard Time)","level":"info"}
{"message":"connected to mongodb...:)- Thu Aug 08 2019 10:25:31 GMT+0530 (India Standard Time)","level":"info"}
{"message":"The HTTP server is running on port 3000 - development- Thu Aug 08 2019 10:25:58 GMT+0530 (India Standard Time)","level":"info"}
{"message":"connected to mongodb...:)- Thu Aug 08 2019 10:26:00 GMT+0530 (India Standard Time)","level":"info"}
{"message":"The HTTP server is running on port 3000 - development- Thu Aug 08 2019 10:26:25 GMT+0530 (India Standard Time)","level":"info"}
{"message":"connected to mongodb...:)- Thu Aug 08 2019 10:26:27 GMT+0530 (India Standard Time)","level":"info"}
